<?xml version="1.0" encoding="UTF-8"?>
<testsuite xmlns:xsi="http://www.w3.org/2001/XMLSchema-instance" xsi:noNamespaceSchemaLocation="https://maven.apache.org/surefire/maven-surefire-plugin/xsd/surefire-test-report-3.0.xsd" version="3.0" name="TestSuite" time="24.102" tests="1" errors="0" skipped="0" failures="0">
  <properties>
[...]
</properties>
  <testcase name="FlipkartDemo" classname="TestScript.Flipkart" time="23.173">
    <system-out><![CDATA[ 
 Product name is : SAMSUNG Galaxy S10 (Prism White, 512 GB)
 
 Product name is : SAMSUNG Galaxy S10 (Prism Blue, 128 GB)
 
 Product name is : SAMSUNG Galaxy S10 (Prism Black, 128 GB)
 
 Product name is : SAMSUNG Galaxy S10 (Prism White, 128 GB)
 
 Product name is : SAMSUNG Galaxy S10 Lite (Prism Black, 512 GB)
 
 Product name is : SAMSUNG Galaxy S10 Lite (Prism White, 512 GB)
 
 Product name is : SAMSUNG Galaxy A10s (Green, 32 GB)
 
 Product name is : SAMSUNG Galaxy A10s (Black, 32 GB)
 
 Product name is : SAMSUNG Galaxy A10s (Black, 32 GB)
 
 Product name is : SAMSUNG Galaxy F02s (Diamond Blue, 32 GB)
 
 Product name is : SAMSUNG Galaxy A21s (Blue, 64 GB)
 
 Product name is : SAMSUNG GALAXY M31S (Mirage Black, 128 GB)
 
 Product name is : SAMSUNG Galaxy A21s (Black, 128 GB)
 
 Product name is : SAMSUNG M31s (Mirage Blue, 128 GB)
 
 Product name is : SAMSUNG Galaxy A21s (Black, 64 GB)
 
 Product name is : SAMSUNG Galaxy M31s (Mirage Black, 128 GB)
 
 Product name is : SAMSUNG Galaxy A21s (Silver, 128 GB)
 
 Product name is : SAMSUNG Galaxy M31s (Mirage Blue, 128 GB)
 
 Product name is : SAMSUNG Galaxy A70s (Prism Crush Red, 128 GB)
 
 Product name is : SAMSUNG Galaxy A21s (White, 64 GB)
 
 Product name is : SAMSUNG Galaxy A21s (Blue, 128 GB)
 
 Product name is : SAMSUNG Galaxy A21s (White, 64 GB)
 
 Product name is : SAMSUNG Galaxy M30S (Quartz Green, 128 GB)
 
 Price of product is : ₹92,000
 
 Price of product is : ₹39,999
 
 Price of product is : ₹39,999
 
 Price of product is : ₹39,999
 
 Price of product is : ₹49,999
 
 Price of product is : ₹49,999
 
 Price of product is : ₹9,840
 
 Price of product is : ₹9,990
 
 Price of product is : ₹10,499
 
 Price of product is : ₹10,499
 
 Price of product is : ₹9,499
 
 Price of product is : ₹14,989
 
 Price of product is : ₹19,915
 
 Price of product is : ₹17,499
 
 Price of product is : ₹19,983
 
 Price of product is : ₹14,875
 
 Price of product is : ₹18,738
 
 Price of product is : ₹17,499
 
 Price of product is : ₹18,997
 
 Price of product is : ₹33,100
 
 Price of product is : ₹16,218
 
 Price of product is : ₹17,499
 
 Price of product is : ₹14,999
 
 Price of product is : ₹15,499
 
 Product Page URL : https://www.flipkart.com/mobiles-accessories/mobiles/pr?sid=tyy%2C4io&q=Samsung+Galaxy+S10&otracker=categorytree&p%5B%5D=facets.brand%255B%255D%3DSAMSUNG&sort=price_desc
]]></system-out>
    <system-err><![CDATA[SLF4J: Failed to load class "org.slf4j.impl.StaticLoggerBinder".
SLF4J: Defaulting to no-operation (NOP) logger implementation
SLF4J: See http://www.slf4j.org/codes.html#StaticLoggerBinder for further details.
Starting ChromeDriver 92.0.4515.107 (87a818b10553a07434ea9e2b6dccf3cbe7895134-refs/branch-heads/4515@{#1634}) on port 37762
Only local connections are allowed.
Please see https://chromedriver.chromium.org/security-considerations for suggestions on keeping ChromeDriver safe.
ChromeDriver was started successfully.
Aug 07, 2021 1:15:40 PM org.openqa.selenium.remote.ProtocolHandshake createSession
INFO: Detected dialect: W3C
]]></system-err>
  </testcase>
</testsuite>