<?xml version="1.0" encoding="UTF-8"?>
<testng-results skipped="0" failed="0" ignored="0" total="1" passed="1">
  <reporter-output>
  </reporter-output>
  <suite name="Suite" duration-ms="31333" started-at="2021-08-07T13:14:14 IST" finished-at="2021-08-07T13:14:45 IST">
    <groups>
    </groups>
    <test name="Test" duration-ms="31333" started-at="2021-08-07T13:14:14 IST" finished-at="2021-08-07T13:14:45 IST">
      <class name="TestScript.Flipkart">
        <test-method status="PASS" signature="FlipkartDemo()[pri:0, instance:TestScript.Flipkart@7f13d6e]" name="FlipkartDemo" duration-ms="31245" started-at="2021-08-07T13:14:14 IST" finished-at="2021-08-07T13:14:45 IST">
          <reporter-output>
          </reporter-output>
        </test-method> <!-- FlipkartDemo -->
      </class> <!-- TestScript.Flipkart -->
    </test> <!-- Test -->
  </suite> <!-- Suite -->
</testng-results>
